{"/home/matthew/Documents/FAC/FAC-workshops/week2/TDD/tests/change-calculator.test.js":{"path":"/home/matthew/Documents/FAC/FAC-workshops/week2/TDD/tests/change-calculator.test.js","s":{"1":1,"2":1,"3":1,"4":1,"5":1,"6":1,"7":1,"8":1,"9":1,"10":1,"11":1,"12":1,"13":1,"14":1,"15":1,"16":1,"17":1,"18":1,"19":1,"20":1,"21":1,"22":1},"b":{},"f":{"1":1,"2":1,"3":1,"4":1},"fnMap":{"1":{"name":"(anonymous_1)","line":4,"loc":{"start":{"line":4,"column":64},"end":{"line":4,"column":76}}},"2":{"name":"(anonymous_2)","line":12,"loc":{"start":{"line":12,"column":55},"end":{"line":12,"column":67}}},"3":{"name":"(anonymous_3)","line":20,"loc":{"start":{"line":20,"column":57},"end":{"line":20,"column":69}}},"4":{"name":"(anonymous_4)","line":28,"loc":{"start":{"line":28,"column":51},"end":{"line":28,"column":63}}}},"statementMap":{"1":{"start":{"line":1,"column":0},"end":{"line":1,"column":27}},"2":{"start":{"line":2,"column":0},"end":{"line":2,"column":61}},"3":{"start":{"line":4,"column":0},"end":{"line":10,"column":2}},"4":{"start":{"line":5,"column":1},"end":{"line":5,"column":54}},"5":{"start":{"line":6,"column":1},"end":{"line":6,"column":34}},"6":{"start":{"line":8,"column":1},"end":{"line":8,"column":31}},"7":{"start":{"line":9,"column":1},"end":{"line":9,"column":9}},"8":{"start":{"line":12,"column":0},"end":{"line":18,"column":2}},"9":{"start":{"line":13,"column":1},"end":{"line":13,"column":50}},"10":{"start":{"line":14,"column":1},"end":{"line":14,"column":25}},"11":{"start":{"line":16,"column":1},"end":{"line":16,"column":31}},"12":{"start":{"line":17,"column":1},"end":{"line":17,"column":9}},"13":{"start":{"line":20,"column":0},"end":{"line":26,"column":2}},"14":{"start":{"line":21,"column":1},"end":{"line":21,"column":52}},"15":{"start":{"line":22,"column":1},"end":{"line":22,"column":25}},"16":{"start":{"line":24,"column":1},"end":{"line":24,"column":31}},"17":{"start":{"line":25,"column":1},"end":{"line":25,"column":9}},"18":{"start":{"line":28,"column":0},"end":{"line":34,"column":2}},"19":{"start":{"line":29,"column":1},"end":{"line":29,"column":52}},"20":{"start":{"line":30,"column":1},"end":{"line":30,"column":19}},"21":{"start":{"line":32,"column":1},"end":{"line":32,"column":31}},"22":{"start":{"line":33,"column":1},"end":{"line":33,"column":9}}},"branchMap":{}}}