{"/home/matthew/Documents/FAC/FAC-workshops/week2/TDD/scripts/change-calculator.js":{"path":"/home/matthew/Documents/FAC/FAC-workshops/week2/TDD/scripts/change-calculator.js","s":{"1":1,"2":4,"3":1,"4":3,"5":3,"6":3,"7":3,"8":43,"9":7,"10":7,"11":7,"12":3,"13":1},"b":{"1":[7,36]},"f":{"1":4,"2":3},"fnMap":{"1":{"name":"changeTotalCalc","line":1,"loc":{"start":{"line":1,"column":0},"end":{"line":1,"column":48}}},"2":{"name":"calculateChange","line":4,"loc":{"start":{"line":4,"column":0},"end":{"line":4,"column":49}}}},"statementMap":{"1":{"start":{"line":1,"column":0},"end":{"line":3,"column":1}},"2":{"start":{"line":2,"column":1},"end":{"line":2,"column":31}},"3":{"start":{"line":4,"column":0},"end":{"line":18,"column":1}},"4":{"start":{"line":5,"column":1},"end":{"line":5,"column":68}},"5":{"start":{"line":6,"column":1},"end":{"line":6,"column":59}},"6":{"start":{"line":7,"column":1},"end":{"line":7,"column":17}},"7":{"start":{"line":10,"column":1},"end":{"line":16,"column":2}},"8":{"start":{"line":11,"column":2},"end":{"line":15,"column":3}},"9":{"start":{"line":12,"column":3},"end":{"line":12,"column":25}},"10":{"start":{"line":13,"column":3},"end":{"line":13,"column":40}},"11":{"start":{"line":14,"column":3},"end":{"line":14,"column":13}},"12":{"start":{"line":17,"column":1},"end":{"line":17,"column":15}},"13":{"start":{"line":21,"column":0},"end":{"line":23,"column":1}}},"branchMap":{"1":{"line":11,"type":"if","locations":[{"start":{"line":11,"column":2},"end":{"line":11,"column":2}},{"start":{"line":11,"column":2},"end":{"line":11,"column":2}}]}}}}