{"/home/matthew/Documents/FAC/FAC-workshops/week2/romaniser/romaniser.test.js":{"path":"/home/matthew/Documents/FAC/FAC-workshops/week2/romaniser/romaniser.test.js","s":{"1":1,"2":1,"3":1,"4":1,"5":1,"6":1,"7":1,"8":1,"9":1,"10":1,"11":1,"12":1,"13":1,"14":1,"15":1,"16":1,"17":1,"18":1,"19":1,"20":1,"21":1,"22":1,"23":1,"24":1,"25":1},"b":{},"f":{"1":1},"fnMap":{"1":{"name":"(anonymous_1)","line":4,"loc":{"start":{"line":4,"column":86},"end":{"line":4,"column":97}}}},"statementMap":{"1":{"start":{"line":1,"column":0},"end":{"line":1,"column":27}},"2":{"start":{"line":2,"column":0},"end":{"line":2,"column":42}},"3":{"start":{"line":4,"column":0},"end":{"line":27,"column":3}},"4":{"start":{"line":5,"column":0},"end":{"line":5,"column":36}},"5":{"start":{"line":6,"column":0},"end":{"line":6,"column":48}},"6":{"start":{"line":7,"column":0},"end":{"line":7,"column":50}},"7":{"start":{"line":8,"column":0},"end":{"line":8,"column":51}},"8":{"start":{"line":9,"column":0},"end":{"line":9,"column":49}},"9":{"start":{"line":10,"column":0},"end":{"line":10,"column":50}},"10":{"start":{"line":11,"column":0},"end":{"line":11,"column":54}},"11":{"start":{"line":12,"column":0},"end":{"line":12,"column":51}},"12":{"start":{"line":13,"column":0},"end":{"line":13,"column":49}},"13":{"start":{"line":14,"column":0},"end":{"line":14,"column":54}},"14":{"start":{"line":15,"column":0},"end":{"line":15,"column":58}},"15":{"start":{"line":16,"column":0},"end":{"line":16,"column":58}},"16":{"start":{"line":17,"column":0},"end":{"line":17,"column":53}},"17":{"start":{"line":18,"column":0},"end":{"line":18,"column":48}},"18":{"start":{"line":19,"column":0},"end":{"line":19,"column":50}},"19":{"start":{"line":20,"column":0},"end":{"line":20,"column":50}},"20":{"start":{"line":21,"column":0},"end":{"line":21,"column":52}},"21":{"start":{"line":22,"column":0},"end":{"line":22,"column":50}},"22":{"start":{"line":23,"column":0},"end":{"line":23,"column":52}},"23":{"start":{"line":24,"column":0},"end":{"line":24,"column":52}},"24":{"start":{"line":25,"column":0},"end":{"line":25,"column":62}},"25":{"start":{"line":26,"column":0},"end":{"line":26,"column":8}}},"branchMap":{}},"/home/matthew/Documents/FAC/FAC-workshops/week2/romaniser/romaniser.js":{"path":"/home/matthew/Documents/FAC/FAC-workshops/week2/romaniser/romaniser.js","s":{"1":1,"2":20,"3":20,"4":20,"5":260,"6":32,"7":32,"8":20,"9":1},"b":{},"f":{"1":20},"fnMap":{"1":{"name":"romaniser","line":1,"loc":{"start":{"line":1,"column":0},"end":{"line":1,"column":24}}}},"statementMap":{"1":{"start":{"line":1,"column":0},"end":{"line":11,"column":1}},"2":{"start":{"line":2,"column":2},"end":{"line":2,"column":108}},"3":{"start":{"line":3,"column":2},"end":{"line":3,"column":15}},"4":{"start":{"line":4,"column":2},"end":{"line":9,"column":3}},"5":{"start":{"line":5,"column":4},"end":{"line":8,"column":5}},"6":{"start":{"line":6,"column":6},"end":{"line":6,"column":17}},"7":{"start":{"line":7,"column":6},"end":{"line":7,"column":30}},"8":{"start":{"line":10,"column":0},"end":{"line":10,"column":11}},"9":{"start":{"line":13,"column":0},"end":{"line":13,"column":26}}},"branchMap":{}}}