TN:
SF:/home/matthew/Documents/FAC/FAC-workshops/week2/romaniser/romaniser.test.js
FN:4,(anonymous_1)
FNF:1
FNH:1
FNDA:1,(anonymous_1)
DA:1,1
DA:2,1
DA:4,1
DA:5,1
DA:6,1
DA:7,1
DA:8,1
DA:9,1
DA:10,1
DA:11,1
DA:12,1
DA:13,1
DA:14,1
DA:15,1
DA:16,1
DA:17,1
DA:18,1
DA:19,1
DA:20,1
DA:21,1
DA:22,1
DA:23,1
DA:24,1
DA:25,1
DA:26,1
LF:25
LH:25
BRF:0
BRH:0
end_of_record
TN:
SF:/home/matthew/Documents/FAC/FAC-workshops/week2/romaniser/romaniser.js
FN:1,romaniser
FNF:1
FNH:1
FNDA:20,romaniser
DA:1,1
DA:2,20
DA:3,20
DA:4,20
DA:5,260
DA:6,32
DA:7,32
DA:10,20
DA:13,1
LF:9
LH:9
BRF:0
BRH:0
end_of_record
